<?xml version="1.0" encoding="UTF-8"?>
<testng-results ignored="0" total="1" passed="1" failed="0" skipped="0">
  <reporter-output>
  </reporter-output>
  <suite started-at="2024-01-29T16:08:53 IST" name="Default suite" finished-at="2024-01-29T16:09:00 IST" duration-ms="6135">
    <groups>
    </groups>
    <test started-at="2024-01-29T16:08:53 IST" name="Default test" finished-at="2024-01-29T16:09:00 IST" duration-ms="6135">
      <class name="com.test.api.tests.TestPostPosts">
        <test-method is-config="true" signature="init()[pri:0, instance:com.test.api.tests.TestPostPosts@5ddcc487]" started-at="2024-01-29T16:08:54 IST" name="init" finished-at="2024-01-29T16:08:55 IST" duration-ms="1266" status="PASS">
          <reporter-output>
          </reporter-output>
        </test-method> <!-- init -->
        <test-method signature="testGetPosts()[pri:0, instance:com.test.api.tests.TestPostPosts@5ddcc487]" started-at="2024-01-29T16:08:55 IST" name="testGetPosts" finished-at="2024-01-29T16:08:59 IST" duration-ms="4557" status="PASS">
          <reporter-output>
          </reporter-output>
        </test-method> <!-- testGetPosts -->
      </class> <!-- com.test.api.tests.TestPostPosts -->
    </test> <!-- Default test -->
  </suite> <!-- Default suite -->
</testng-results>
